2021-08-30 23:02:35 0 [Note] InnoDB: Mutexes and rw_locks use Windows interlocked functions
2021-08-30 23:02:35 0 [Note] InnoDB: Uses event mutexes
2021-08-30 23:02:35 0 [Note] InnoDB: Compressed tables use zlib 1.2.11
2021-08-30 23:02:35 0 [Note] InnoDB: Number of pools: 1
2021-08-30 23:02:35 0 [Note] InnoDB: Using SSE2 crc32 instructions
2021-08-30 23:02:35 0 [Note] InnoDB: Initializing buffer pool, total size = 128M, instances = 1, chunk size = 128M
2021-08-30 23:02:35 0 [Note] InnoDB: Completed initialization of buffer pool
2021-08-30 23:02:35 0 [Note] InnoDB: 128 out of 128 rollback segments are active.
2021-08-30 23:02:35 0 [Note] InnoDB: Creating shared tablespace for temporary tables
2021-08-30 23:02:35 0 [Note] InnoDB: Setting file '.\ibtmp1' size to 12 MB. Physically writing the file full; Please wait ...
2021-08-30 23:02:35 0 [Note] InnoDB: File '.\ibtmp1' size is now 12 MB.
2021-08-30 23:02:35 0 [Note] InnoDB: Waiting for purge to start
2021-08-30 23:02:35 0 [Note] InnoDB: 10.4.20 started; log sequence number 60967; transaction id 20
2021-08-30 23:02:35 0 [Note] InnoDB: Loading buffer pool(s) from C:\Bitnami\wampstack-8.0.9-0\mariadb\data\ib_buffer_pool
2021-08-30 23:02:35 0 [Note] Plugin 'FEEDBACK' is disabled.
2021-08-30 23:02:35 0 [Note] Server socket created on IP: '127.0.0.1'.
2021-08-30 23:02:35 0 [Note] InnoDB: Buffer pool(s) load completed at 210830 23:02:35
2021-08-30 23:02:35 0 [Note] Reading of all Master_info entries succeeded
2021-08-30 23:02:35 0 [Note] Added new Master_info '' to hash table
2021-08-30 23:02:35 0 [Note] C:\Bitnami\WAMPST~1.9-0\mariadb\bin\mysqld.exe: ready for connections.
Version: '10.4.20-MariaDB'  socket: ''  port: 3307  mariadb.org binary distribution
2021-08-30 23:03:10 0 [Note] C:\Bitnami\WAMPST~1.9-0\mariadb\bin\mysqld.exe (initiated by: root[root] @ localhost [127.0.0.1]): Normal shutdown
2021-08-30 23:03:10 0 [Note] Event Scheduler: Purging the queue. 0 events
2021-08-30 23:03:10 0 [Note] InnoDB: FTS optimize thread exiting.
2021-08-30 23:03:11 0 [Note] InnoDB: Starting shutdown...
2021-08-30 23:03:11 0 [Note] InnoDB: Dumping buffer pool(s) to C:\Bitnami\wampstack-8.0.9-0\mariadb\data\ib_buffer_pool
2021-08-30 23:03:11 0 [Note] InnoDB: Buffer pool(s) dump completed at 210830 23:03:11
2021-08-30 23:03:11 0 [Note] InnoDB: Removed temporary tablespace data file: "ibtmp1"
2021-08-30 23:03:11 0 [Note] InnoDB: Shutdown completed; log sequence number 60976; transaction id 21
2021-08-30 23:03:11 0 [Note] C:\Bitnami\WAMPST~1.9-0\mariadb\bin\mysqld.exe: Shutdown complete

2021-08-30 23:04:09 0 [Note] InnoDB: Mutexes and rw_locks use Windows interlocked functions
2021-08-30 23:04:09 0 [Note] InnoDB: Uses event mutexes
2021-08-30 23:04:09 0 [Note] InnoDB: Compressed tables use zlib 1.2.11
2021-08-30 23:04:09 0 [Note] InnoDB: Number of pools: 1
2021-08-30 23:04:09 0 [Note] InnoDB: Using SSE2 crc32 instructions
2021-08-30 23:04:09 0 [Note] InnoDB: Initializing buffer pool, total size = 128M, instances = 1, chunk size = 128M
2021-08-30 23:04:09 0 [Note] InnoDB: Completed initialization of buffer pool
2021-08-30 23:04:09 0 [Note] InnoDB: 128 out of 128 rollback segments are active.
2021-08-30 23:04:09 0 [Note] InnoDB: Creating shared tablespace for temporary tables
2021-08-30 23:04:09 0 [Note] InnoDB: Setting file '.\ibtmp1' size to 12 MB. Physically writing the file full; Please wait ...
2021-08-30 23:04:09 0 [Note] InnoDB: File '.\ibtmp1' size is now 12 MB.
2021-08-30 23:04:09 0 [Note] InnoDB: Waiting for purge to start
2021-08-30 23:04:09 0 [Note] InnoDB: 10.4.20 started; log sequence number 60976; transaction id 20
2021-08-30 23:04:09 0 [Note] InnoDB: Loading buffer pool(s) from C:\Bitnami\wampstack-8.0.9-0\mariadb\data\ib_buffer_pool
2021-08-30 23:04:09 0 [Note] Plugin 'FEEDBACK' is disabled.
2021-08-30 23:04:09 0 [Note] Server socket created on IP: '127.0.0.1'.
2021-08-30 23:04:09 0 [Note] InnoDB: Buffer pool(s) load completed at 210830 23:04:09
2021-08-30 23:04:10 0 [Note] Reading of all Master_info entries succeeded
2021-08-30 23:04:10 0 [Note] Added new Master_info '' to hash table
2021-08-30 23:04:10 0 [Note] C:\Bitnami\WAMPST~1.9-0\mariadb\bin\mysqld.exe: ready for connections.
Version: '10.4.20-MariaDB'  socket: ''  port: 3307  mariadb.org binary distribution
