[Mon Aug 30 23:04:00.665573 2021] [ssl:warn] [pid 16236:tid 728] AH01909: localhost:443:0 server certificate does NOT include an ID which matches the server name
[Mon Aug 30 23:04:00.726733 2021] [ssl:warn] [pid 16236:tid 728] AH01909: localhost:443:0 server certificate does NOT include an ID which matches the server name
[Mon Aug 30 23:04:00.874918 2021] [mpm_winnt:notice] [pid 16236:tid 728] AH00455: Apache/2.4.48 (Win64) OpenSSL/1.1.1k PHP/8.0.9 configured -- resuming normal operations
[Mon Aug 30 23:04:00.874918 2021] [mpm_winnt:notice] [pid 16236:tid 728] AH00456: Apache Lounge VS16 Server built: May 18 2021 10:45:56
[Mon Aug 30 23:04:00.874918 2021] [core:notice] [pid 16236:tid 728] AH00094: Command line: 'C:\\Bitnami\\WAMPST~1.9-0\\apache2\\bin\\httpd.exe -d C:/Bitnami/wampstack-8.0.9-0/apache2 -f C:\\Bitnami\\WAMPST~1.9-0\\apache2\\conf\\httpd.conf'
[Mon Aug 30 23:04:00.894850 2021] [mpm_winnt:notice] [pid 16236:tid 728] AH00418: Parent: Created child process 12132
[Mon Aug 30 23:04:01.474432 2021] [ssl:warn] [pid 12132:tid 632] AH01909: localhost:443:0 server certificate does NOT include an ID which matches the server name
[Mon Aug 30 23:04:01.522522 2021] [ssl:warn] [pid 12132:tid 632] AH01909: localhost:443:0 server certificate does NOT include an ID which matches the server name
[Mon Aug 30 23:04:01.546240 2021] [mpm_winnt:notice] [pid 12132:tid 632] AH00354: Child: Starting 64 worker threads.
[Mon Aug 30 23:04:15.570787 2021] [mpm_winnt:notice] [pid 16236:tid 728] AH00422: Parent: Received shutdown signal -- Shutting down the server.
[Mon Aug 30 23:04:17.597702 2021] [mpm_winnt:notice] [pid 12132:tid 632] AH00364: Child: All worker threads have exited.
[Mon Aug 30 23:04:17.651324 2021] [mpm_winnt:notice] [pid 16236:tid 728] AH00430: Parent: Child process 12132 exited successfully.
[Mon Aug 30 23:04:19.635330 2021] [ssl:warn] [pid 7780:tid 676] AH01909: localhost:443:0 server certificate does NOT include an ID which matches the server name
[Mon Aug 30 23:04:19.726096 2021] [ssl:warn] [pid 7780:tid 676] AH01909: localhost:443:0 server certificate does NOT include an ID which matches the server name
[Mon Aug 30 23:04:19.779940 2021] [mpm_winnt:notice] [pid 7780:tid 676] AH00455: Apache/2.4.48 (Win64) OpenSSL/1.1.1k PHP/8.0.9 configured -- resuming normal operations
[Mon Aug 30 23:04:19.779940 2021] [mpm_winnt:notice] [pid 7780:tid 676] AH00456: Apache Lounge VS16 Server built: May 18 2021 10:45:56
[Mon Aug 30 23:04:19.779940 2021] [core:notice] [pid 7780:tid 676] AH00094: Command line: 'C:\\Bitnami\\WAMPST~1.9-0\\apache2\\bin\\httpd.exe -d C:/Bitnami/wampstack-8.0.9-0/apache2 -f C:\\Bitnami\\WAMPST~1.9-0\\apache2\\conf\\httpd.conf'
[Mon Aug 30 23:04:19.798891 2021] [mpm_winnt:notice] [pid 7780:tid 676] AH00418: Parent: Created child process 7204
[Mon Aug 30 23:04:20.349478 2021] [ssl:warn] [pid 7204:tid 532] AH01909: localhost:443:0 server certificate does NOT include an ID which matches the server name
[Mon Aug 30 23:04:20.398449 2021] [ssl:warn] [pid 7204:tid 532] AH01909: localhost:443:0 server certificate does NOT include an ID which matches the server name
[Mon Aug 30 23:04:20.425377 2021] [mpm_winnt:notice] [pid 7204:tid 532] AH00354: Child: Starting 64 worker threads.
